<?xml version="1.0" encoding="UTF-8"?>
<!-- Generated by org.testng.reporters.JUnitXMLReporter -->
<testsuite hostname="in-madhurvk-1" ignored="2" name="Test" tests="2" failures="1" timestamp="22 Nov 2019 18:13:47 GMT" time="161.187" errors="0">
  <testcase name="createTicket" time="18.195" classname="scripts.CreateTicket"/>
  <testcase name="homePageTesting" time="11.377" classname="scripts.Home">
    <failure type="org.openqa.selenium.NoSuchElementException" message="An element could not be located on the page using the given search parameters.
For documentation on this error, please visit: https://www.seleniumhq.org/exceptions/no_such_element.html
Build info: version: &amp;apos;3.141.59&amp;apos;, revision: &amp;apos;e82be7d358&amp;apos;, time: &amp;apos;2018-11-14T08:17:03&amp;apos;
System info: host: &amp;apos;IN-MADHURVK-1&amp;apos;, ip: &amp;apos;192.168.0.26&amp;apos;, os.name: &amp;apos;Windows 10&amp;apos;, os.arch: &amp;apos;amd64&amp;apos;, os.version: &amp;apos;10.0&amp;apos;, java.version: &amp;apos;1.8.0_231&amp;apos;
Driver info: io.appium.java_client.AppiumDriver
Capabilities {appActivity: com.serviont.inteliapp.Main..., appPackage: com.serviont.inteliapp, databaseEnabled: false, desired: {appActivity: com.serviont.inteliapp.Main..., appPackage: com.serviont.inteliapp, deviceName: Honor 7X, platformName: android, platformVersion: 9, udid: NSM3Y18413029399}, deviceApiLevel: 28, deviceManufacturer: HUAWEI, deviceModel: BND-AL10, deviceName: NSM3Y18413029399, deviceScreenDensity: 480, deviceScreenSize: 1080x2160, deviceUDID: NSM3Y18413029399, javascriptEnabled: true, locationContextEnabled: false, networkConnectionEnabled: true, pixelRatio: 3, platform: LINUX, platformName: LINUX, platformVersion: 9, statBarHeight: 72, takesScreenshot: true, udid: NSM3Y18413029399, viewportRect: {height: 1966, left: 0, top: 72, width: 1080}, warnings: {}, webStorageEnabled: false}
Session ID: 2d4d8c3d-1375-49cb-a91b-024b229febea
*** Element info: {Using=xpath, value=//android.widget.RadioButton[@text=&amp;apos;&amp;apos;]}">
      <![CDATA[org.openqa.selenium.NoSuchElementException: An element could not be located on the page using the given search parameters.
For documentation on this error, please visit: https://www.seleniumhq.org/exceptions/no_such_element.html
Build info: version: '3.141.59', revision: 'e82be7d358', time: '2018-11-14T08:17:03'
System info: host: 'IN-MADHURVK-1', ip: '192.168.0.26', os.name: 'Windows 10', os.arch: 'amd64', os.version: '10.0', java.version: '1.8.0_231'
Driver info: io.appium.java_client.AppiumDriver
Capabilities {appActivity: com.serviont.inteliapp.Main..., appPackage: com.serviont.inteliapp, databaseEnabled: false, desired: {appActivity: com.serviont.inteliapp.Main..., appPackage: com.serviont.inteliapp, deviceName: Honor 7X, platformName: android, platformVersion: 9, udid: NSM3Y18413029399}, deviceApiLevel: 28, deviceManufacturer: HUAWEI, deviceModel: BND-AL10, deviceName: NSM3Y18413029399, deviceScreenDensity: 480, deviceScreenSize: 1080x2160, deviceUDID: NSM3Y18413029399, javascriptEnabled: true, locationContextEnabled: false, networkConnectionEnabled: true, pixelRatio: 3, platform: LINUX, platformName: LINUX, platformVersion: 9, statBarHeight: 72, takesScreenshot: true, udid: NSM3Y18413029399, viewportRect: {height: 1966, left: 0, top: 72, width: 1080}, warnings: {}, webStorageEnabled: false}
Session ID: 2d4d8c3d-1375-49cb-a91b-024b229febea
*** Element info: {Using=xpath, value=//android.widget.RadioButton[@text='']}
at org.openqa.selenium.remote.http.W3CHttpResponseCodec.createException(W3CHttpResponseCodec.java:187)
at org.openqa.selenium.remote.http.W3CHttpResponseCodec.decode(W3CHttpResponseCodec.java:122)
at org.openqa.selenium.remote.http.W3CHttpResponseCodec.decode(W3CHttpResponseCodec.java:49)
at org.openqa.selenium.remote.HttpCommandExecutor.execute(HttpCommandExecutor.java:158)
at io.appium.java_client.remote.AppiumCommandExecutor.execute(AppiumCommandExecutor.java:239)
at org.openqa.selenium.remote.RemoteWebDriver.execute(RemoteWebDriver.java:552)
at io.appium.java_client.DefaultGenericMobileDriver.execute(DefaultGenericMobileDriver.java:42)
at io.appium.java_client.AppiumDriver.execute(AppiumDriver.java:1)
at org.openqa.selenium.remote.RemoteWebDriver.findElement(RemoteWebDriver.java:323)
at io.appium.java_client.DefaultGenericMobileDriver.findElement(DefaultGenericMobileDriver.java:62)
at io.appium.java_client.AppiumDriver.findElement(AppiumDriver.java:1)
at org.openqa.selenium.remote.RemoteWebDriver.findElementByXPath(RemoteWebDriver.java:428)
at io.appium.java_client.DefaultGenericMobileDriver.findElementByXPath(DefaultGenericMobileDriver.java:152)
at io.appium.java_client.AppiumDriver.findElementByXPath(AppiumDriver.java:1)
at org.openqa.selenium.By$ByXPath.findElement(By.java:353)
at org.openqa.selenium.remote.RemoteWebDriver.findElement(RemoteWebDriver.java:315)
at io.appium.java_client.DefaultGenericMobileDriver.findElement(DefaultGenericMobileDriver.java:58)
at io.appium.java_client.AppiumDriver.findElement(AppiumDriver.java:1)
at scripts.Home.homePageTesting(Home.java:23)
... Removed 29 stack frames]]>
    </failure>
  </testcase> <!-- homePageTesting -->
  <testcase name="@BeforeTest setEnvironmet" time="0.0" classname="generics.BaseClass">
    <ignored/>
  </testcase> <!-- @BeforeTest setEnvironmet -->
  <testcase name="@AfterTest endReport" time="0.0" classname="generics.BaseClass">
    <ignored/>
  </testcase> <!-- @AfterTest endReport -->
</testsuite> <!-- Test -->
