<?xml version="1.0" encoding="UTF-8"?>
<testng-results skipped="0" failed="1" ignored="2" total="4" passed="1">
  <reporter-output>
  </reporter-output>
  <suite name="Suite" duration-ms="161187" started-at="2019-11-22T18:11:05Z" finished-at="2019-11-22T18:13:47Z">
    <groups>
    </groups>
    <test name="Test" duration-ms="161187" started-at="2019-11-22T18:11:05Z" finished-at="2019-11-22T18:13:47Z">
      <class name="scripts.CreateTicket">
        <test-method status="PASS" signature="setEnvironmet()[pri:0, instance:scripts.CreateTicket@6fd02e5]" name="setEnvironmet" is-config="true" duration-ms="205" started-at="2019-11-22T18:11:05Z" finished-at="2019-11-22T18:11:06Z">
          <reporter-output>
          </reporter-output>
        </test-method> <!-- setEnvironmet -->
        <test-method status="PASS" signature="startApplication()[pri:0, instance:scripts.CreateTicket@6fd02e5]" name="startApplication" is-config="true" duration-ms="61791" started-at="2019-11-22T18:11:06Z" finished-at="2019-11-22T18:12:07Z">
          <reporter-output>
          </reporter-output>
        </test-method> <!-- startApplication -->
        <test-method status="PASS" signature="createTicket()[pri:0, instance:scripts.CreateTicket@6fd02e5]" name="createTicket" duration-ms="18195" started-at="2019-11-22T18:12:07Z" finished-at="2019-11-22T18:12:26Z">
          <reporter-output>
          </reporter-output>
        </test-method> <!-- createTicket -->
        <test-method status="PASS" signature="closeApplication(org.testng.ITestResult)[pri:0, instance:scripts.CreateTicket@6fd02e5]" name="closeApplication" is-config="true" duration-ms="4426" started-at="2019-11-22T18:12:26Z" finished-at="2019-11-22T18:12:30Z">
          <params>
            <param index="0">
              <value>
                <![CDATA[[TestResult name=createTicket status=SUCCESS method=CreateTicket.createTicket()[pri:0, instance:scripts.CreateTicket@6fd02e5] output={null}]]]>
              </value>
            </param>
          </params>
          <reporter-output>
          </reporter-output>
        </test-method> <!-- closeApplication -->
        <test-method status="PASS" signature="endReport()[pri:0, instance:scripts.CreateTicket@6fd02e5]" name="endReport" is-config="true" duration-ms="491" started-at="2019-11-22T18:13:46Z" finished-at="2019-11-22T18:13:47Z">
          <reporter-output>
          </reporter-output>
        </test-method> <!-- endReport -->
      </class> <!-- scripts.CreateTicket -->
      <class name="scripts.Home">
        <test-method status="PASS" signature="startApplication()[pri:0, instance:scripts.Home@5bcab519]" name="startApplication" is-config="true" duration-ms="59039" started-at="2019-11-22T18:12:30Z" finished-at="2019-11-22T18:13:29Z">
          <reporter-output>
          </reporter-output>
        </test-method> <!-- startApplication -->
        <test-method status="FAIL" signature="homePageTesting()[pri:0, instance:scripts.Home@5bcab519]" name="homePageTesting" duration-ms="11377" started-at="2019-11-22T18:13:29Z" finished-at="2019-11-22T18:13:40Z">
          <exception class="org.openqa.selenium.NoSuchElementException">
            <message>
              <![CDATA[An element could not be located on the page using the given search parameters.
For documentation on this error, please visit: https://www.seleniumhq.org/exceptions/no_such_element.html
Build info: version: '3.141.59', revision: 'e82be7d358', time: '2018-11-14T08:17:03'
System info: host: 'IN-MADHURVK-1', ip: '192.168.0.26', os.name: 'Windows 10', os.arch: 'amd64', os.version: '10.0', java.version: '1.8.0_231'
Driver info: io.appium.java_client.AppiumDriver
Capabilities {appActivity: com.serviont.inteliapp.Main..., appPackage: com.serviont.inteliapp, databaseEnabled: false, desired: {appActivity: com.serviont.inteliapp.Main..., appPackage: com.serviont.inteliapp, deviceName: Honor 7X, platformName: android, platformVersion: 9, udid: NSM3Y18413029399}, deviceApiLevel: 28, deviceManufacturer: HUAWEI, deviceModel: BND-AL10, deviceName: NSM3Y18413029399, deviceScreenDensity: 480, deviceScreenSize: 1080x2160, deviceUDID: NSM3Y18413029399, javascriptEnabled: true, locationContextEnabled: false, networkConnectionEnabled: true, pixelRatio: 3, platform: LINUX, platformName: LINUX, platformVersion: 9, statBarHeight: 72, takesScreenshot: true, udid: NSM3Y18413029399, viewportRect: {height: 1966, left: 0, top: 72, width: 1080}, warnings: {}, webStorageEnabled: false}
Session ID: 2d4d8c3d-1375-49cb-a91b-024b229febea
*** Element info: {Using=xpath, value=//android.widget.RadioButton[@text='']}]]>
            </message>
            <full-stacktrace>
              <![CDATA[org.openqa.selenium.NoSuchElementException: An element could not be located on the page using the given search parameters.
For documentation on this error, please visit: https://www.seleniumhq.org/exceptions/no_such_element.html
Build info: version: '3.141.59', revision: 'e82be7d358', time: '2018-11-14T08:17:03'
System info: host: 'IN-MADHURVK-1', ip: '192.168.0.26', os.name: 'Windows 10', os.arch: 'amd64', os.version: '10.0', java.version: '1.8.0_231'
Driver info: io.appium.java_client.AppiumDriver
Capabilities {appActivity: com.serviont.inteliapp.Main..., appPackage: com.serviont.inteliapp, databaseEnabled: false, desired: {appActivity: com.serviont.inteliapp.Main..., appPackage: com.serviont.inteliapp, deviceName: Honor 7X, platformName: android, platformVersion: 9, udid: NSM3Y18413029399}, deviceApiLevel: 28, deviceManufacturer: HUAWEI, deviceModel: BND-AL10, deviceName: NSM3Y18413029399, deviceScreenDensity: 480, deviceScreenSize: 1080x2160, deviceUDID: NSM3Y18413029399, javascriptEnabled: true, locationContextEnabled: false, networkConnectionEnabled: true, pixelRatio: 3, platform: LINUX, platformName: LINUX, platformVersion: 9, statBarHeight: 72, takesScreenshot: true, udid: NSM3Y18413029399, viewportRect: {height: 1966, left: 0, top: 72, width: 1080}, warnings: {}, webStorageEnabled: false}
Session ID: 2d4d8c3d-1375-49cb-a91b-024b229febea
*** Element info: {Using=xpath, value=//android.widget.RadioButton[@text='']}
at sun.reflect.NativeConstructorAccessorImpl.newInstance0(Native Method)
at sun.reflect.NativeConstructorAccessorImpl.newInstance(Unknown Source)
at sun.reflect.DelegatingConstructorAccessorImpl.newInstance(Unknown Source)
at java.lang.reflect.Constructor.newInstance(Unknown Source)
at org.openqa.selenium.remote.http.W3CHttpResponseCodec.createException(W3CHttpResponseCodec.java:187)
at org.openqa.selenium.remote.http.W3CHttpResponseCodec.decode(W3CHttpResponseCodec.java:122)
at org.openqa.selenium.remote.http.W3CHttpResponseCodec.decode(W3CHttpResponseCodec.java:49)
at org.openqa.selenium.remote.HttpCommandExecutor.execute(HttpCommandExecutor.java:158)
at io.appium.java_client.remote.AppiumCommandExecutor.execute(AppiumCommandExecutor.java:239)
at org.openqa.selenium.remote.RemoteWebDriver.execute(RemoteWebDriver.java:552)
at io.appium.java_client.DefaultGenericMobileDriver.execute(DefaultGenericMobileDriver.java:42)
at io.appium.java_client.AppiumDriver.execute(AppiumDriver.java:1)
at org.openqa.selenium.remote.RemoteWebDriver.findElement(RemoteWebDriver.java:323)
at io.appium.java_client.DefaultGenericMobileDriver.findElement(DefaultGenericMobileDriver.java:62)
at io.appium.java_client.AppiumDriver.findElement(AppiumDriver.java:1)
at org.openqa.selenium.remote.RemoteWebDriver.findElementByXPath(RemoteWebDriver.java:428)
at io.appium.java_client.DefaultGenericMobileDriver.findElementByXPath(DefaultGenericMobileDriver.java:152)
at io.appium.java_client.AppiumDriver.findElementByXPath(AppiumDriver.java:1)
at org.openqa.selenium.By$ByXPath.findElement(By.java:353)
at org.openqa.selenium.remote.RemoteWebDriver.findElement(RemoteWebDriver.java:315)
at io.appium.java_client.DefaultGenericMobileDriver.findElement(DefaultGenericMobileDriver.java:58)
at io.appium.java_client.AppiumDriver.findElement(AppiumDriver.java:1)
at scripts.Home.homePageTesting(Home.java:23)
at sun.reflect.NativeMethodAccessorImpl.invoke0(Native Method)
at sun.reflect.NativeMethodAccessorImpl.invoke(Unknown Source)
at sun.reflect.DelegatingMethodAccessorImpl.invoke(Unknown Source)
at java.lang.reflect.Method.invoke(Unknown Source)
at org.testng.internal.MethodInvocationHelper.invokeMethod(MethodInvocationHelper.java:124)
at org.testng.internal.Invoker.invokeMethod(Invoker.java:583)
at org.testng.internal.Invoker.invokeTestMethod(Invoker.java:719)
at org.testng.internal.Invoker.invokeTestMethods(Invoker.java:989)
at org.testng.internal.TestMethodWorker.invokeTestMethods(TestMethodWorker.java:125)
at org.testng.internal.TestMethodWorker.run(TestMethodWorker.java:109)
at org.testng.TestRunner.privateRun(TestRunner.java:648)
at org.testng.TestRunner.run(TestRunner.java:505)
at org.testng.SuiteRunner.runTest(SuiteRunner.java:455)
at org.testng.SuiteRunner.runSequentially(SuiteRunner.java:450)
at org.testng.SuiteRunner.privateRun(SuiteRunner.java:415)
at org.testng.SuiteRunner.run(SuiteRunner.java:364)
at org.testng.SuiteRunnerWorker.runSuite(SuiteRunnerWorker.java:52)
at org.testng.SuiteRunnerWorker.run(SuiteRunnerWorker.java:84)
at org.testng.TestNG.runSuitesSequentially(TestNG.java:1208)
at org.testng.TestNG.runSuitesLocally(TestNG.java:1137)
at org.testng.TestNG.runSuites(TestNG.java:1049)
at org.testng.TestNG.run(TestNG.java:1017)
at org.testng.remote.AbstractRemoteTestNG.run(AbstractRemoteTestNG.java:115)
at org.testng.remote.RemoteTestNG.initAndRun(RemoteTestNG.java:251)
at org.testng.remote.RemoteTestNG.main(RemoteTestNG.java:77)
]]>
            </full-stacktrace>
          </exception> <!-- org.openqa.selenium.NoSuchElementException -->
          <reporter-output>
          </reporter-output>
        </test-method> <!-- homePageTesting -->
        <test-method status="PASS" signature="closeApplication(org.testng.ITestResult)[pri:0, instance:scripts.Home@5bcab519]" name="closeApplication" is-config="true" duration-ms="5620" started-at="2019-11-22T18:13:40Z" finished-at="2019-11-22T18:13:46Z">
          <params>
            <param index="0">
              <value>
                <![CDATA[[TestResult name=homePageTesting status=FAILURE method=Home.homePageTesting()[pri:0, instance:scripts.Home@5bcab519] output={null}]]]>
              </value>
            </param>
          </params>
          <reporter-output>
          </reporter-output>
        </test-method> <!-- closeApplication -->
      </class> <!-- scripts.Home -->
    </test> <!-- Test -->
  </suite> <!-- Suite -->
</testng-results>
